Using pre-set license
Built from '2021.1/staging' branch; Version is '2021.1.3f1 (4bef613afd59) revision 4976481'; Using compiler version '192528614'; Build Type 'Release'
OS: 'Windows 10 Pro; OS build 19042.928; Version 2009; 64bit' Language: 'en' Physical Memory: 7995 MB
BatchMode: 1, IsHumanControllingUs: 0, StartBugReporterOnCrash: 0, Is64bit: 1, IsPro: 0

 COMMAND LINE ARGUMENTS:
C:\Program Files\Unity 2021.1.3f1\Editor\Unity.exe
-adb2
-batchMode
-noUpm
-name
AssetImportWorker0
-projectPath
C:/Users/casir/OddSoft
-logFile
Logs/AssetImportWorker0.log
-srvPort
57342
Successfully changed project path to: C:/Users/casir/OddSoft
C:/Users/casir/OddSoft
Using Asset Import Pipeline V2.
Refreshing native plugins compatible for Editor in 112.47 ms, found 2 plugins.
Preloading 0 native plugins for Editor in 0.00 ms.
Initialize engine version: 2021.1.3f1 (4bef613afd59)
[Subsystems] Discovering subsystems at path C:/Program Files/Unity 2021.1.3f1/Editor/Data/Resources/UnitySubsystems
[Subsystems] Discovering subsystems at path C:/Users/casir/OddSoft/Assets
GfxDevice: creating device client; threaded=0; jobified=0
Direct3D:
    Version:  Direct3D 11.0 [level 11.1]
    Renderer: NVIDIA GeForce GTX 1050 (ID=0x1c91)
    Vendor:   NVIDIA
    VRAM:     2996 MB
    Driver:   27.21.14.6589
Initialize mono
Mono path[0] = 'C:/Program Files/Unity 2021.1.3f1/Editor/Data/Managed'
Mono path[1] = 'C:/Program Files/Unity 2021.1.3f1/Editor/Data/MonoBleedingEdge/lib/mono/unityjit'
Mono config path = 'C:/Program Files/Unity 2021.1.3f1/Editor/Data/MonoBleedingEdge/etc'
Using monoOptions --debugger-agent=transport=dt_socket,embedding=1,server=y,suspend=n,address=127.0.0.1:56544
Begin MonoManager ReloadAssembly
Registering precompiled unity dll's ...
Register platform support module: C:/Program Files/Unity 2021.1.3f1/Editor/Data/PlaybackEngines/WindowsStandaloneSupport/UnityEditor.WindowsStandalone.Extensions.dll
Registered in 0.001836 seconds.
Native extension for WindowsStandalone target not found
Refreshing native plugins compatible for Editor in 116.73 ms, found 2 plugins.
Preloading 0 native plugins for Editor in 0.00 ms.
Mono: successfully reloaded assembly
- Completed reload, in  1.583 seconds
Platform modules already initialized, skipping
Registering precompiled user dll's ...
Registered in 0.003387 seconds.
Begin MonoManager ReloadAssembly
Native extension for WindowsStandalone target not found
Refreshing native plugins compatible for Editor in 104.97 ms, found 2 plugins.
Preloading 0 native plugins for Editor in 0.00 ms.
Mono: successfully reloaded assembly
- Completed reload, in  1.332 seconds
Platform modules already initialized, skipping
========================================================================
Worker process is ready to serve import requests
Launched and connected shader compiler UnityShaderCompiler.exe after 0.07 seconds
Refreshing native plugins compatible for Editor in 0.76 ms, found 2 plugins.
Preloading 0 native plugins for Editor in 0.00 ms.
Unloading 3373 Unused Serialized files (Serialized files now loaded: 0)
System memory in use before: 128.0 MB.
System memory in use after: 128.1 MB.

Unloading 28 unused Assets to reduce memory usage. Loaded Objects now: 3826.
Total: 2.351600 ms (FindLiveObjects: 0.299000 ms CreateObjectMapping: 0.161500 ms MarkObjects: 1.796600 ms  DeleteObjects: 0.093200 ms)

========================================================================
Received Import Request.
  path: Assets/Square (1).prefab
  artifactKey: Guid(519bd7d74d2f1cc4686361b28a832199) Importer(815301076,1909f56bfc062723c751e8b465ee728b)
Start importing Assets/Square (1).prefab using Guid(519bd7d74d2f1cc4686361b28a832199) Importer(815301076,1909f56bfc062723c751e8b465ee728b)  -> (artifact id: '8769f4106f2744dece9240db7502ec70') in 0.129463 seconds 
========================================================================
Received Import Request.
  Time since last request: 47.442571 seconds.
  path: Assets/asfalt1.png
  artifactKey: Guid(ded62884a4fbca047ae323076a7344c0) Importer(815301076,1909f56bfc062723c751e8b465ee728b)
Start importing Assets/asfalt1.png using Guid(ded62884a4fbca047ae323076a7344c0) Importer(815301076,1909f56bfc062723c751e8b465ee728b)  -> (artifact id: 'a1df42512d6a8b41d90f4e0fb517a87f') in 0.189975 seconds 
========================================================================
Received Prepare
Registering precompiled user dll's ...
Registered in 0.003691 seconds.
Begin MonoManager ReloadAssembly
Native extension for WindowsStandalone target not found
Refreshing native plugins compatible for Editor in 0.65 ms, found 2 plugins.
Preloading 0 native plugins for Editor in 0.00 ms.
Mono: successfully reloaded assembly
- Completed reload, in  1.023 seconds
Platform modules already initialized, skipping
Refreshing native plugins compatible for Editor in 2.02 ms, found 2 plugins.
Preloading 0 native plugins for Editor in 0.00 ms.
Unloading 3368 Unused Serialized files (Serialized files now loaded: 0)
System memory in use before: 133.9 MB.
System memory in use after: 134.0 MB.

Unloading 16 unused Assets to reduce memory usage. Loaded Objects now: 3855.
Total: 2.491900 ms (FindLiveObjects: 0.331500 ms CreateObjectMapping: 0.156400 ms MarkObjects: 1.888700 ms  DeleteObjects: 0.114600 ms)

========================================================================
Received Prepare
Registering precompiled user dll's ...
Registered in 0.003237 seconds.
Begin MonoManager ReloadAssembly
Native extension for WindowsStandalone target not found
Refreshing native plugins compatible for Editor in 0.62 ms, found 2 plugins.
Preloading 0 native plugins for Editor in 0.00 ms.
Mono: successfully reloaded assembly
- Completed reload, in  1.171 seconds
Platform modules already initialized, skipping
Refreshing native plugins compatible for Editor in 0.60 ms, found 2 plugins.
Preloading 0 native plugins for Editor in 0.00 ms.
Unloading 3367 Unused Serialized files (Serialized files now loaded: 0)
System memory in use before: 133.9 MB.
System memory in use after: 134.0 MB.

Unloading 16 unused Assets to reduce memory usage. Loaded Objects now: 3859.
Total: 2.746100 ms (FindLiveObjects: 0.265900 ms CreateObjectMapping: 0.140300 ms MarkObjects: 2.258300 ms  DeleteObjects: 0.080700 ms)

========================================================================
Received Prepare
Registering precompiled user dll's ...
Registered in 0.003277 seconds.
Begin MonoManager ReloadAssembly
Native extension for WindowsStandalone target not found
Refreshing native plugins compatible for Editor in 0.73 ms, found 2 plugins.
Preloading 0 native plugins for Editor in 0.00 ms.
Mono: successfully reloaded assembly
- Completed reload, in  1.134 seconds
Platform modules already initialized, skipping
Refreshing native plugins compatible for Editor in 0.63 ms, found 2 plugins.
Preloading 0 native plugins for Editor in 0.00 ms.
Unloading 3367 Unused Serialized files (Serialized files now loaded: 0)
System memory in use before: 133.9 MB.
System memory in use after: 134.1 MB.

Unloading 16 unused Assets to reduce memory usage. Loaded Objects now: 3863.
Total: 5.806800 ms (FindLiveObjects: 0.308200 ms CreateObjectMapping: 0.159200 ms MarkObjects: 4.944900 ms  DeleteObjects: 0.391400 ms)

========================================================================
Received Prepare
Registering precompiled user dll's ...
Registered in 0.003221 seconds.
Begin MonoManager ReloadAssembly
Native extension for WindowsStandalone target not found
Refreshing native plugins compatible for Editor in 0.62 ms, found 2 plugins.
Preloading 0 native plugins for Editor in 0.00 ms.
Mono: successfully reloaded assembly
- Completed reload, in  1.164 seconds
Platform modules already initialized, skipping
Refreshing native plugins compatible for Editor in 0.61 ms, found 2 plugins.
Preloading 0 native plugins for Editor in 0.00 ms.
Unloading 3367 Unused Serialized files (Serialized files now loaded: 0)
System memory in use before: 134.0 MB.
System memory in use after: 134.1 MB.

Unloading 16 unused Assets to reduce memory usage. Loaded Objects now: 3867.
Total: 2.533900 ms (FindLiveObjects: 0.306800 ms CreateObjectMapping: 0.176200 ms MarkObjects: 1.958000 ms  DeleteObjects: 0.092200 ms)

========================================================================
Received Prepare
Registering precompiled user dll's ...
Registered in 0.003274 seconds.
Begin MonoManager ReloadAssembly
Native extension for WindowsStandalone target not found
Refreshing native plugins compatible for Editor in 0.66 ms, found 2 plugins.
Preloading 0 native plugins for Editor in 0.00 ms.
Mono: successfully reloaded assembly
- Completed reload, in  1.138 seconds
Platform modules already initialized, skipping
Refreshing native plugins compatible for Editor in 2.06 ms, found 2 plugins.
Preloading 0 native plugins for Editor in 0.00 ms.
Unloading 3367 Unused Serialized files (Serialized files now loaded: 0)
System memory in use before: 134.0 MB.
System memory in use after: 134.1 MB.

Unloading 16 unused Assets to reduce memory usage. Loaded Objects now: 3871.
Total: 6.597400 ms (FindLiveObjects: 1.298100 ms CreateObjectMapping: 1.059400 ms MarkObjects: 4.109200 ms  DeleteObjects: 0.127400 ms)

========================================================================
Received Prepare
Registering precompiled user dll's ...
Registered in 0.005468 seconds.
Begin MonoManager ReloadAssembly
Native extension for WindowsStandalone target not found
Refreshing native plugins compatible for Editor in 0.67 ms, found 2 plugins.
Preloading 0 native plugins for Editor in 0.00 ms.
Mono: successfully reloaded assembly
- Completed reload, in  1.128 seconds
Platform modules already initialized, skipping
Refreshing native plugins compatible for Editor in 1.04 ms, found 2 plugins.
Preloading 0 native plugins for Editor in 0.00 ms.
Unloading 3367 Unused Serialized files (Serialized files now loaded: 0)
System memory in use before: 134.0 MB.
System memory in use after: 134.1 MB.

Unloading 16 unused Assets to reduce memory usage. Loaded Objects now: 3875.
Total: 8.884200 ms (FindLiveObjects: 0.590100 ms CreateObjectMapping: 0.309800 ms MarkObjects: 7.726300 ms  DeleteObjects: 0.255400 ms)

========================================================================
Received Prepare
Registering precompiled user dll's ...
Registered in 0.004381 seconds.
Begin MonoManager ReloadAssembly
Native extension for WindowsStandalone target not found
Refreshing native plugins compatible for Editor in 0.75 ms, found 2 plugins.
Preloading 0 native plugins for Editor in 0.00 ms.
Mono: successfully reloaded assembly
- Completed reload, in  1.008 seconds
Platform modules already initialized, skipping
Refreshing native plugins compatible for Editor in 0.62 ms, found 2 plugins.
Preloading 0 native plugins for Editor in 0.00 ms.
Unloading 3367 Unused Serialized files (Serialized files now loaded: 0)
System memory in use before: 134.0 MB.
System memory in use after: 134.1 MB.

Unloading 16 unused Assets to reduce memory usage. Loaded Objects now: 3879.
Total: 2.446900 ms (FindLiveObjects: 0.404200 ms CreateObjectMapping: 0.162800 ms MarkObjects: 1.802900 ms  DeleteObjects: 0.076100 ms)

========================================================================
Received Prepare
Registering precompiled user dll's ...
Registered in 0.003340 seconds.
Begin MonoManager ReloadAssembly
Native extension for WindowsStandalone target not found
Refreshing native plugins compatible for Editor in 1.32 ms, found 2 plugins.
Preloading 0 native plugins for Editor in 0.00 ms.
Mono: successfully reloaded assembly
- Completed reload, in  1.230 seconds
Platform modules already initialized, skipping
Refreshing native plugins compatible for Editor in 0.71 ms, found 2 plugins.
Preloading 0 native plugins for Editor in 0.00 ms.
Unloading 3367 Unused Serialized files (Serialized files now loaded: 0)
System memory in use before: 134.0 MB.
System memory in use after: 134.1 MB.

Unloading 16 unused Assets to reduce memory usage. Loaded Objects now: 3883.
Total: 8.864300 ms (FindLiveObjects: 3.637400 ms CreateObjectMapping: 1.161900 ms MarkObjects: 3.872400 ms  DeleteObjects: 0.189700 ms)

========================================================================
Received Prepare
Registering precompiled user dll's ...
Registered in 0.003233 seconds.
Begin MonoManager ReloadAssembly
Native extension for WindowsStandalone target not found
Refreshing native plugins compatible for Editor in 0.65 ms, found 2 plugins.
Preloading 0 native plugins for Editor in 0.00 ms.
Mono: successfully reloaded assembly
- Completed reload, in  1.126 seconds
Platform modules already initialized, skipping
Refreshing native plugins compatible for Editor in 0.62 ms, found 2 plugins.
Preloading 0 native plugins for Editor in 0.00 ms.
Unloading 3367 Unused Serialized files (Serialized files now loaded: 0)
System memory in use before: 134.0 MB.
System memory in use after: 134.1 MB.

Unloading 16 unused Assets to reduce memory usage. Loaded Objects now: 3887.
Total: 4.826500 ms (FindLiveObjects: 1.024400 ms CreateObjectMapping: 0.399000 ms MarkObjects: 3.104600 ms  DeleteObjects: 0.293400 ms)

========================================================================
Received Prepare
Registering precompiled user dll's ...
Registered in 0.003521 seconds.
Begin MonoManager ReloadAssembly
Native extension for WindowsStandalone target not found
Refreshing native plugins compatible for Editor in 0.62 ms, found 2 plugins.
Preloading 0 native plugins for Editor in 0.00 ms.
Mono: successfully reloaded assembly
- Completed reload, in  1.089 seconds
Platform modules already initialized, skipping
Refreshing native plugins compatible for Editor in 0.59 ms, found 2 plugins.
Preloading 0 native plugins for Editor in 0.00 ms.
Unloading 3367 Unused Serialized files (Serialized files now loaded: 0)
System memory in use before: 134.0 MB.
System memory in use after: 134.1 MB.

Unloading 16 unused Assets to reduce memory usage. Loaded Objects now: 3891.
Total: 4.637200 ms (FindLiveObjects: 1.661500 ms CreateObjectMapping: 0.447900 ms MarkObjects: 2.425100 ms  DeleteObjects: 0.100600 ms)

========================================================================
Received Import Request.
  Time since last request: 1045.633228 seconds.
  path: Assets/Sprite Shape Profile.asset
  artifactKey: Guid(aefa5716395876a4fbac141278a4cff0) Importer(815301076,1909f56bfc062723c751e8b465ee728b)
Start importing Assets/Sprite Shape Profile.asset using Guid(aefa5716395876a4fbac141278a4cff0) Importer(815301076,1909f56bfc062723c751e8b465ee728b)  -> (artifact id: 'b404ebfa1cf2e6351c9f5739ef770dda') in 0.022597 seconds 
AssetImportWorkerClient::OnTransportError - code=2 error=End of file
