Using pre-set license
Built from '2021.1/staging' branch; Version is '2021.1.3f1 (4bef613afd59) revision 4976481'; Using compiler version '192528614'; Build Type 'Release'
OS: 'Windows 10 Pro; OS build 19042.928; Version 2009; 64bit' Language: 'en' Physical Memory: 7995 MB
BatchMode: 1, IsHumanControllingUs: 0, StartBugReporterOnCrash: 0, Is64bit: 1, IsPro: 0

 COMMAND LINE ARGUMENTS:
C:\Program Files\Unity 2021.1.3f1\Editor\Unity.exe
-adb2
-batchMode
-noUpm
-name
AssetImportWorker0
-projectPath
C:/Users/casir/Documents/GitHub/CarGame
-logFile
Logs/AssetImportWorker0.log
-srvPort
60367
Successfully changed project path to: C:/Users/casir/Documents/GitHub/CarGame
C:/Users/casir/Documents/GitHub/CarGame
Using Asset Import Pipeline V2.
Refreshing native plugins compatible for Editor in 85.91 ms, found 2 plugins.
Preloading 0 native plugins for Editor in 0.00 ms.
Initialize engine version: 2021.1.3f1 (4bef613afd59)
[Subsystems] Discovering subsystems at path C:/Program Files/Unity 2021.1.3f1/Editor/Data/Resources/UnitySubsystems
[Subsystems] Discovering subsystems at path C:/Users/casir/Documents/GitHub/CarGame/Assets
GfxDevice: creating device client; threaded=0; jobified=0
Direct3D:
    Version:  Direct3D 11.0 [level 11.1]
    Renderer: NVIDIA GeForce GTX 1050 (ID=0x1c91)
    Vendor:   NVIDIA
    VRAM:     2996 MB
    Driver:   27.21.14.6589
Initialize mono
Mono path[0] = 'C:/Program Files/Unity 2021.1.3f1/Editor/Data/Managed'
Mono path[1] = 'C:/Program Files/Unity 2021.1.3f1/Editor/Data/MonoBleedingEdge/lib/mono/unityjit'
Mono config path = 'C:/Program Files/Unity 2021.1.3f1/Editor/Data/MonoBleedingEdge/etc'
Using monoOptions --debugger-agent=transport=dt_socket,embedding=1,server=y,suspend=n,address=127.0.0.1:56724
Begin MonoManager ReloadAssembly
Registering precompiled unity dll's ...
Register platform support module: C:/Program Files/Unity 2021.1.3f1/Editor/Data/PlaybackEngines/WindowsStandaloneSupport/UnityEditor.WindowsStandalone.Extensions.dll
Registered in 0.001885 seconds.
Native extension for WindowsStandalone target not found
Refreshing native plugins compatible for Editor in 85.98 ms, found 2 plugins.
Preloading 0 native plugins for Editor in 0.00 ms.
Mono: successfully reloaded assembly
- Completed reload, in  1.189 seconds
Platform modules already initialized, skipping
Registering precompiled user dll's ...
Registered in 0.003295 seconds.
Begin MonoManager ReloadAssembly
Native extension for WindowsStandalone target not found
Refreshing native plugins compatible for Editor in 96.34 ms, found 2 plugins.
Preloading 0 native plugins for Editor in 0.00 ms.
Mono: successfully reloaded assembly
- Completed reload, in  1.031 seconds
Platform modules already initialized, skipping
========================================================================
Worker process is ready to serve import requests
Launched and connected shader compiler UnityShaderCompiler.exe after 0.06 seconds
Refreshing native plugins compatible for Editor in 0.61 ms, found 2 plugins.
Preloading 0 native plugins for Editor in 0.00 ms.
Unloading 3373 Unused Serialized files (Serialized files now loaded: 0)
System memory in use before: 128.0 MB.
System memory in use after: 128.1 MB.

Unloading 28 unused Assets to reduce memory usage. Loaded Objects now: 3826.
Total: 2.811800 ms (FindLiveObjects: 0.326500 ms CreateObjectMapping: 0.152400 ms MarkObjects: 2.237900 ms  DeleteObjects: 0.094300 ms)

========================================================================
Received Import Request.
  path: Assets/codes/car.cs
  artifactKey: Guid(33cf016ca0220404bb294c2cbdc78a88) Importer(815301076,1909f56bfc062723c751e8b465ee728b)
Start importing Assets/codes/car.cs using Guid(33cf016ca0220404bb294c2cbdc78a88) Importer(815301076,1909f56bfc062723c751e8b465ee728b)  -> (artifact id: '753bc0859acb4b026c19fb5349aa5f1d') in 0.073356 seconds 
========================================================================
Received Prepare
Refreshing native plugins compatible for Editor in 2.88 ms, found 2 plugins.
Preloading 0 native plugins for Editor in 0.00 ms.
Unloading 14 Unused Serialized files (Serialized files now loaded: 0)
System memory in use before: 61.2 MB.
System memory in use after: 61.3 MB.

Unloading 14 unused Assets to reduce memory usage. Loaded Objects now: 3826.
Total: 2.872400 ms (FindLiveObjects: 0.383000 ms CreateObjectMapping: 0.167600 ms MarkObjects: 2.239700 ms  DeleteObjects: 0.081400 ms)

========================================================================
Received Prepare
Registering precompiled user dll's ...
Registered in 0.017413 seconds.
Begin MonoManager ReloadAssembly
Native extension for WindowsStandalone target not found
Refreshing native plugins compatible for Editor in 1.25 ms, found 2 plugins.
Preloading 0 native plugins for Editor in 0.00 ms.
Mono: successfully reloaded assembly
- Completed reload, in  1.720 seconds
Platform modules already initialized, skipping
Refreshing native plugins compatible for Editor in 0.65 ms, found 2 plugins.
Preloading 0 native plugins for Editor in 0.00 ms.
Unloading 3367 Unused Serialized files (Serialized files now loaded: 0)
System memory in use before: 127.9 MB.
System memory in use after: 128.0 MB.

Unloading 16 unused Assets to reduce memory usage. Loaded Objects now: 3830.
Total: 4.259000 ms (FindLiveObjects: 0.554100 ms CreateObjectMapping: 0.252000 ms MarkObjects: 3.317300 ms  DeleteObjects: 0.133800 ms)

========================================================================
Received Prepare
Registering precompiled user dll's ...
Registered in 0.003305 seconds.
Begin MonoManager ReloadAssembly
Native extension for WindowsStandalone target not found
Refreshing native plugins compatible for Editor in 0.59 ms, found 2 plugins.
Preloading 0 native plugins for Editor in 0.00 ms.
Mono: successfully reloaded assembly
- Completed reload, in  1.009 seconds
Platform modules already initialized, skipping
Refreshing native plugins compatible for Editor in 1.71 ms, found 2 plugins.
Preloading 0 native plugins for Editor in 0.00 ms.
Unloading 3367 Unused Serialized files (Serialized files now loaded: 0)
System memory in use before: 127.9 MB.
System memory in use after: 128.1 MB.

Unloading 16 unused Assets to reduce memory usage. Loaded Objects now: 3834.
Total: 3.042200 ms (FindLiveObjects: 0.457100 ms CreateObjectMapping: 0.188700 ms MarkObjects: 2.314300 ms  DeleteObjects: 0.081200 ms)

========================================================================
Received Prepare
Registering precompiled user dll's ...
Registered in 0.003140 seconds.
Begin MonoManager ReloadAssembly
Native extension for WindowsStandalone target not found
Refreshing native plugins compatible for Editor in 0.61 ms, found 2 plugins.
Preloading 0 native plugins for Editor in 0.00 ms.
Mono: successfully reloaded assembly
- Completed reload, in  0.903 seconds
Platform modules already initialized, skipping
Refreshing native plugins compatible for Editor in 0.66 ms, found 2 plugins.
Preloading 0 native plugins for Editor in 0.00 ms.
Unloading 3367 Unused Serialized files (Serialized files now loaded: 0)
System memory in use before: 128.0 MB.
System memory in use after: 128.1 MB.

Unloading 16 unused Assets to reduce memory usage. Loaded Objects now: 3838.
Total: 2.567200 ms (FindLiveObjects: 0.309100 ms CreateObjectMapping: 0.167100 ms MarkObjects: 2.010900 ms  DeleteObjects: 0.079200 ms)

========================================================================
Received Prepare
Registering precompiled user dll's ...
Registered in 0.003162 seconds.
Begin MonoManager ReloadAssembly
Native extension for WindowsStandalone target not found
Refreshing native plugins compatible for Editor in 0.84 ms, found 2 plugins.
Preloading 0 native plugins for Editor in 0.00 ms.
Mono: successfully reloaded assembly
- Completed reload, in  0.907 seconds
Platform modules already initialized, skipping
Refreshing native plugins compatible for Editor in 0.64 ms, found 2 plugins.
Preloading 0 native plugins for Editor in 0.00 ms.
Unloading 3367 Unused Serialized files (Serialized files now loaded: 0)
System memory in use before: 128.0 MB.
System memory in use after: 128.1 MB.

Unloading 16 unused Assets to reduce memory usage. Loaded Objects now: 3842.
Total: 3.065100 ms (FindLiveObjects: 0.576200 ms CreateObjectMapping: 0.195700 ms MarkObjects: 2.210000 ms  DeleteObjects: 0.082100 ms)

========================================================================
Received Prepare
Registering precompiled user dll's ...
Registered in 0.017741 seconds.
Begin MonoManager ReloadAssembly
Native extension for WindowsStandalone target not found
Refreshing native plugins compatible for Editor in 1.12 ms, found 2 plugins.
Preloading 0 native plugins for Editor in 0.00 ms.
Mono: successfully reloaded assembly
- Completed reload, in  0.957 seconds
Platform modules already initialized, skipping
Refreshing native plugins compatible for Editor in 0.63 ms, found 2 plugins.
Preloading 0 native plugins for Editor in 0.00 ms.
Unloading 3367 Unused Serialized files (Serialized files now loaded: 0)
System memory in use before: 128.0 MB.
System memory in use after: 128.1 MB.

Unloading 16 unused Assets to reduce memory usage. Loaded Objects now: 3846.
Total: 2.373300 ms (FindLiveObjects: 0.317000 ms CreateObjectMapping: 0.162200 ms MarkObjects: 1.817200 ms  DeleteObjects: 0.076100 ms)

========================================================================
Received Import Request.
  Time since last request: 879.421247 seconds.
  path: Assets/New Physic Material.physicMaterial
  artifactKey: Guid(99531b5c016e3504688f701129babc0e) Importer(815301076,1909f56bfc062723c751e8b465ee728b)
Start importing Assets/New Physic Material.physicMaterial using Guid(99531b5c016e3504688f701129babc0e) Importer(815301076,1909f56bfc062723c751e8b465ee728b)  -> (artifact id: 'e883232c7ed5a56f749854449c4883e8') in 0.034795 seconds 
========================================================================
Received Import Request.
  Time since last request: 27.937476 seconds.
  path: Assets/New Physics Material 2D.physicsMaterial2D
  artifactKey: Guid(aa4307b87423ee94eb8eca5663b4cd43) Importer(815301076,1909f56bfc062723c751e8b465ee728b)
Start importing Assets/New Physics Material 2D.physicsMaterial2D using Guid(aa4307b87423ee94eb8eca5663b4cd43) Importer(815301076,1909f56bfc062723c751e8b465ee728b)  -> (artifact id: '7705ae73157cf6148cfbae4e265dcf55') in 0.008282 seconds 
========================================================================
Received Import Request.
  Time since last request: 9.219833 seconds.
  path: Assets/forCar.physicsMaterial2D
  artifactKey: Guid(aa4307b87423ee94eb8eca5663b4cd43) Importer(815301076,1909f56bfc062723c751e8b465ee728b)
Start importing Assets/forCar.physicsMaterial2D using Guid(aa4307b87423ee94eb8eca5663b4cd43) Importer(815301076,1909f56bfc062723c751e8b465ee728b)  -> (artifact id: 'a7629d3e31df262335d8ac5f2379ecee') in 0.002286 seconds 
========================================================================
Received Import Request.
  Time since last request: 20.957159 seconds.
  path: Assets/forAspalth.physicsMaterial2D
  artifactKey: Guid(2834f549d8e57424da7085d771b2a1b8) Importer(815301076,1909f56bfc062723c751e8b465ee728b)
Start importing Assets/forAspalth.physicsMaterial2D using Guid(2834f549d8e57424da7085d771b2a1b8) Importer(815301076,1909f56bfc062723c751e8b465ee728b)  -> (artifact id: '8c3428bea73e6b0e9fde46adfb6fa064') in 0.004266 seconds 
========================================================================
Received Prepare
Registering precompiled user dll's ...
Registered in 0.003099 seconds.
Begin MonoManager ReloadAssembly
Native extension for WindowsStandalone target not found
Refreshing native plugins compatible for Editor in 0.61 ms, found 2 plugins.
Preloading 0 native plugins for Editor in 0.00 ms.
Mono: successfully reloaded assembly
- Completed reload, in  0.872 seconds
Platform modules already initialized, skipping
Refreshing native plugins compatible for Editor in 0.71 ms, found 2 plugins.
Preloading 0 native plugins for Editor in 0.00 ms.
Unloading 3367 Unused Serialized files (Serialized files now loaded: 0)
System memory in use before: 128.0 MB.
System memory in use after: 128.1 MB.

Unloading 16 unused Assets to reduce memory usage. Loaded Objects now: 3850.
Total: 2.735200 ms (FindLiveObjects: 0.303400 ms CreateObjectMapping: 0.162000 ms MarkObjects: 2.194300 ms  DeleteObjects: 0.074800 ms)

========================================================================
Received Prepare
Registering precompiled user dll's ...
Registered in 0.003163 seconds.
Begin MonoManager ReloadAssembly
Native extension for WindowsStandalone target not found
Refreshing native plugins compatible for Editor in 0.67 ms, found 2 plugins.
Preloading 0 native plugins for Editor in 0.00 ms.
Mono: successfully reloaded assembly
- Completed reload, in  0.895 seconds
Platform modules already initialized, skipping
Refreshing native plugins compatible for Editor in 0.65 ms, found 2 plugins.
Preloading 0 native plugins for Editor in 0.00 ms.
Unloading 3367 Unused Serialized files (Serialized files now loaded: 0)
System memory in use before: 128.0 MB.
System memory in use after: 128.2 MB.

Unloading 16 unused Assets to reduce memory usage. Loaded Objects now: 3854.
Total: 2.484800 ms (FindLiveObjects: 0.266200 ms CreateObjectMapping: 0.147800 ms MarkObjects: 1.996600 ms  DeleteObjects: 0.073100 ms)

========================================================================
Received Prepare
Registering precompiled user dll's ...
Registered in 0.003210 seconds.
Begin MonoManager ReloadAssembly
Native extension for WindowsStandalone target not found
Refreshing native plugins compatible for Editor in 0.78 ms, found 2 plugins.
Preloading 0 native plugins for Editor in 0.00 ms.
Mono: successfully reloaded assembly
- Completed reload, in  1.159 seconds
Platform modules already initialized, skipping
Refreshing native plugins compatible for Editor in 0.67 ms, found 2 plugins.
Preloading 0 native plugins for Editor in 0.00 ms.
Unloading 3367 Unused Serialized files (Serialized files now loaded: 0)
System memory in use before: 128.1 MB.
System memory in use after: 128.2 MB.

Unloading 16 unused Assets to reduce memory usage. Loaded Objects now: 3858.
Total: 3.055500 ms (FindLiveObjects: 0.279200 ms CreateObjectMapping: 0.150300 ms MarkObjects: 2.526800 ms  DeleteObjects: 0.098600 ms)

========================================================================
Received Prepare
Registering precompiled user dll's ...
Registered in 0.003759 seconds.
Begin MonoManager ReloadAssembly
Native extension for WindowsStandalone target not found
Refreshing native plugins compatible for Editor in 0.90 ms, found 2 plugins.
Preloading 0 native plugins for Editor in 0.00 ms.
Mono: successfully reloaded assembly
- Completed reload, in  1.239 seconds
Platform modules already initialized, skipping
Refreshing native plugins compatible for Editor in 0.61 ms, found 2 plugins.
Preloading 0 native plugins for Editor in 0.00 ms.
Unloading 3367 Unused Serialized files (Serialized files now loaded: 0)
System memory in use before: 128.1 MB.
System memory in use after: 128.2 MB.

Unloading 16 unused Assets to reduce memory usage. Loaded Objects now: 3862.
Total: 2.355500 ms (FindLiveObjects: 0.283500 ms CreateObjectMapping: 0.170500 ms MarkObjects: 1.825700 ms  DeleteObjects: 0.075000 ms)

========================================================================
Received Prepare
Registering precompiled user dll's ...
Registered in 0.004918 seconds.
Begin MonoManager ReloadAssembly
Native extension for WindowsStandalone target not found
Refreshing native plugins compatible for Editor in 0.89 ms, found 2 plugins.
Preloading 0 native plugins for Editor in 0.00 ms.
Mono: successfully reloaded assembly
- Completed reload, in  1.187 seconds
Platform modules already initialized, skipping
Refreshing native plugins compatible for Editor in 0.81 ms, found 2 plugins.
Preloading 0 native plugins for Editor in 0.00 ms.
Unloading 3367 Unused Serialized files (Serialized files now loaded: 0)
System memory in use before: 128.1 MB.
System memory in use after: 128.2 MB.

Unloading 16 unused Assets to reduce memory usage. Loaded Objects now: 3866.
Total: 3.040300 ms (FindLiveObjects: 0.411000 ms CreateObjectMapping: 0.198400 ms MarkObjects: 2.333900 ms  DeleteObjects: 0.095800 ms)

========================================================================
Received Prepare
Registering precompiled user dll's ...
Registered in 0.003041 seconds.
Begin MonoManager ReloadAssembly
Native extension for WindowsStandalone target not found
Refreshing native plugins compatible for Editor in 0.59 ms, found 2 plugins.
Preloading 0 native plugins for Editor in 0.00 ms.
Mono: successfully reloaded assembly
- Completed reload, in  0.890 seconds
Platform modules already initialized, skipping
Refreshing native plugins compatible for Editor in 0.84 ms, found 2 plugins.
Preloading 0 native plugins for Editor in 0.00 ms.
Unloading 3367 Unused Serialized files (Serialized files now loaded: 0)
System memory in use before: 128.1 MB.
System memory in use after: 128.2 MB.

Unloading 16 unused Assets to reduce memory usage. Loaded Objects now: 3870.
Total: 2.712700 ms (FindLiveObjects: 0.267400 ms CreateObjectMapping: 0.140000 ms MarkObjects: 2.162800 ms  DeleteObjects: 0.141600 ms)

========================================================================
Received Prepare
Registering precompiled user dll's ...
Registered in 0.003148 seconds.
Begin MonoManager ReloadAssembly
Native extension for WindowsStandalone target not found
Refreshing native plugins compatible for Editor in 0.59 ms, found 2 plugins.
Preloading 0 native plugins for Editor in 0.00 ms.
Mono: successfully reloaded assembly
- Completed reload, in  0.855 seconds
Platform modules already initialized, skipping
Refreshing native plugins compatible for Editor in 0.64 ms, found 2 plugins.
Preloading 0 native plugins for Editor in 0.00 ms.
Unloading 3367 Unused Serialized files (Serialized files now loaded: 0)
System memory in use before: 128.1 MB.
System memory in use after: 128.2 MB.

Unloading 16 unused Assets to reduce memory usage. Loaded Objects now: 3874.
Total: 2.643800 ms (FindLiveObjects: 0.286700 ms CreateObjectMapping: 0.126100 ms MarkObjects: 2.110000 ms  DeleteObjects: 0.120500 ms)

========================================================================
Received Prepare
Registering precompiled user dll's ...
Registered in 0.003093 seconds.
Begin MonoManager ReloadAssembly
Native extension for WindowsStandalone target not found
Refreshing native plugins compatible for Editor in 0.60 ms, found 2 plugins.
Preloading 0 native plugins for Editor in 0.00 ms.
Mono: successfully reloaded assembly
- Completed reload, in  0.862 seconds
Platform modules already initialized, skipping
Refreshing native plugins compatible for Editor in 0.66 ms, found 2 plugins.
Preloading 0 native plugins for Editor in 0.00 ms.
Unloading 3367 Unused Serialized files (Serialized files now loaded: 0)
System memory in use before: 128.1 MB.
System memory in use after: 128.2 MB.

Unloading 16 unused Assets to reduce memory usage. Loaded Objects now: 3878.
Total: 2.832500 ms (FindLiveObjects: 0.332800 ms CreateObjectMapping: 0.159700 ms MarkObjects: 2.260500 ms  DeleteObjects: 0.078800 ms)

========================================================================
Received Prepare
Registering precompiled user dll's ...
Registered in 0.003411 seconds.
Begin MonoManager ReloadAssembly
Native extension for WindowsStandalone target not found
Refreshing native plugins compatible for Editor in 0.59 ms, found 2 plugins.
Preloading 0 native plugins for Editor in 0.00 ms.
Mono: successfully reloaded assembly
- Completed reload, in  0.892 seconds
Platform modules already initialized, skipping
Refreshing native plugins compatible for Editor in 0.66 ms, found 2 plugins.
Preloading 0 native plugins for Editor in 0.00 ms.
Unloading 3367 Unused Serialized files (Serialized files now loaded: 0)
System memory in use before: 128.1 MB.
System memory in use after: 128.2 MB.

Unloading 16 unused Assets to reduce memory usage. Loaded Objects now: 3882.
Total: 2.615400 ms (FindLiveObjects: 0.295400 ms CreateObjectMapping: 0.432500 ms MarkObjects: 1.809600 ms  DeleteObjects: 0.077100 ms)

========================================================================
Received Import Request.
  Time since last request: 2021.471161 seconds.
  path: Assets/codes/CarController.cs
  artifactKey: Guid(33cf016ca0220404bb294c2cbdc78a88) Importer(815301076,1909f56bfc062723c751e8b465ee728b)
Start importing Assets/codes/CarController.cs using Guid(33cf016ca0220404bb294c2cbdc78a88) Importer(815301076,1909f56bfc062723c751e8b465ee728b)  -> (artifact id: 'ee022f3baff9d429ffc5d5ce1f6bff67') in 0.008815 seconds 
========================================================================
Received Prepare
Registering precompiled user dll's ...
Registered in 0.003073 seconds.
Begin MonoManager ReloadAssembly
Native extension for WindowsStandalone target not found
Refreshing native plugins compatible for Editor in 0.61 ms, found 2 plugins.
Preloading 0 native plugins for Editor in 0.00 ms.
Mono: successfully reloaded assembly
- Completed reload, in  0.931 seconds
Platform modules already initialized, skipping
Refreshing native plugins compatible for Editor in 0.69 ms, found 2 plugins.
Preloading 0 native plugins for Editor in 0.00 ms.
Unloading 3367 Unused Serialized files (Serialized files now loaded: 0)
System memory in use before: 128.1 MB.
System memory in use after: 128.2 MB.

Unloading 16 unused Assets to reduce memory usage. Loaded Objects now: 3886.
Total: 4.439000 ms (FindLiveObjects: 0.731200 ms CreateObjectMapping: 0.605500 ms MarkObjects: 2.985600 ms  DeleteObjects: 0.115600 ms)

========================================================================
Received Prepare
Registering precompiled user dll's ...
Registered in 0.003344 seconds.
Begin MonoManager ReloadAssembly
Native extension for WindowsStandalone target not found
Refreshing native plugins compatible for Editor in 0.59 ms, found 2 plugins.
Preloading 0 native plugins for Editor in 0.00 ms.
Mono: successfully reloaded assembly
- Completed reload, in  0.892 seconds
Platform modules already initialized, skipping
Refreshing native plugins compatible for Editor in 0.73 ms, found 2 plugins.
Preloading 0 native plugins for Editor in 0.00 ms.
Unloading 3368 Unused Serialized files (Serialized files now loaded: 0)
System memory in use before: 128.1 MB.
System memory in use after: 128.3 MB.

Unloading 16 unused Assets to reduce memory usage. Loaded Objects now: 3891.
Total: 2.857400 ms (FindLiveObjects: 0.315200 ms CreateObjectMapping: 0.165000 ms MarkObjects: 2.273200 ms  DeleteObjects: 0.103400 ms)

========================================================================
Received Import Request.
  Time since last request: 33.805139 seconds.
  path: Assets/codes/car.cs
  artifactKey: Guid(ded5bb2357ddd5347b4aa4188dde589b) Importer(815301076,1909f56bfc062723c751e8b465ee728b)
Start importing Assets/codes/car.cs using Guid(ded5bb2357ddd5347b4aa4188dde589b) Importer(815301076,1909f56bfc062723c751e8b465ee728b)  -> (artifact id: 'a17b453cc3d933cc02fc19ebfc3aaa6c') in 0.005968 seconds 
========================================================================
Received Prepare
Registering precompiled user dll's ...
Registered in 0.003156 seconds.
Begin MonoManager ReloadAssembly
Native extension for WindowsStandalone target not found
Refreshing native plugins compatible for Editor in 0.60 ms, found 2 plugins.
Preloading 0 native plugins for Editor in 0.00 ms.
Mono: successfully reloaded assembly
- Completed reload, in  0.909 seconds
Platform modules already initialized, skipping
Refreshing native plugins compatible for Editor in 0.58 ms, found 2 plugins.
Preloading 0 native plugins for Editor in 0.00 ms.
Unloading 3367 Unused Serialized files (Serialized files now loaded: 0)
System memory in use before: 128.1 MB.
System memory in use after: 128.3 MB.

Unloading 17 unused Assets to reduce memory usage. Loaded Objects now: 3894.
Total: 2.874900 ms (FindLiveObjects: 0.274600 ms CreateObjectMapping: 0.178800 ms MarkObjects: 2.339200 ms  DeleteObjects: 0.081600 ms)

========================================================================
Received Prepare
Registering precompiled user dll's ...
Registered in 0.004016 seconds.
Begin MonoManager ReloadAssembly
Native extension for WindowsStandalone target not found
Refreshing native plugins compatible for Editor in 0.58 ms, found 2 plugins.
Preloading 0 native plugins for Editor in 0.00 ms.
Mono: successfully reloaded assembly
- Completed reload, in  0.904 seconds
Platform modules already initialized, skipping
Refreshing native plugins compatible for Editor in 0.79 ms, found 2 plugins.
Preloading 0 native plugins for Editor in 0.00 ms.
Unloading 3366 Unused Serialized files (Serialized files now loaded: 0)
System memory in use before: 128.1 MB.
System memory in use after: 128.2 MB.

Unloading 17 unused Assets to reduce memory usage. Loaded Objects now: 3897.
Total: 2.968900 ms (FindLiveObjects: 0.379200 ms CreateObjectMapping: 0.201600 ms MarkObjects: 2.276800 ms  DeleteObjects: 0.110400 ms)

========================================================================
Received Prepare
Registering precompiled user dll's ...
Registered in 0.003181 seconds.
Begin MonoManager ReloadAssembly
Native extension for WindowsStandalone target not found
Refreshing native plugins compatible for Editor in 0.57 ms, found 2 plugins.
Preloading 0 native plugins for Editor in 0.00 ms.
Mono: successfully reloaded assembly
- Completed reload, in  0.872 seconds
Platform modules already initialized, skipping
Refreshing native plugins compatible for Editor in 0.71 ms, found 2 plugins.
Preloading 0 native plugins for Editor in 0.00 ms.
Unloading 3367 Unused Serialized files (Serialized files now loaded: 0)
System memory in use before: 128.1 MB.
System memory in use after: 128.3 MB.

Unloading 16 unused Assets to reduce memory usage. Loaded Objects now: 3902.
Total: 2.779300 ms (FindLiveObjects: 0.433400 ms CreateObjectMapping: 0.230500 ms MarkObjects: 2.039800 ms  DeleteObjects: 0.074800 ms)

========================================================================
Received Import Request.
  Time since last request: 38.815742 seconds.
  path: Assets/CarController.cs
  artifactKey: Guid(cb76994211bb29949a6dc3b65f6b7045) Importer(815301076,1909f56bfc062723c751e8b465ee728b)
Start importing Assets/CarController.cs using Guid(cb76994211bb29949a6dc3b65f6b7045) Importer(815301076,1909f56bfc062723c751e8b465ee728b)  -> (artifact id: '41c8f79fce155fa122789f678622bd41') in 0.005759 seconds 
========================================================================
Received Prepare
Registering precompiled user dll's ...
Registered in 0.003437 seconds.
Begin MonoManager ReloadAssembly
Native extension for WindowsStandalone target not found
Refreshing native plugins compatible for Editor in 0.61 ms, found 2 plugins.
Preloading 0 native plugins for Editor in 0.00 ms.
Mono: successfully reloaded assembly
- Completed reload, in  0.934 seconds
Platform modules already initialized, skipping
Refreshing native plugins compatible for Editor in 0.86 ms, found 2 plugins.
Preloading 0 native plugins for Editor in 0.00 ms.
Unloading 3367 Unused Serialized files (Serialized files now loaded: 0)
System memory in use before: 128.2 MB.
System memory in use after: 128.3 MB.

Unloading 16 unused Assets to reduce memory usage. Loaded Objects now: 3906.
Total: 3.135000 ms (FindLiveObjects: 0.370200 ms CreateObjectMapping: 0.223300 ms MarkObjects: 2.447500 ms  DeleteObjects: 0.093100 ms)

========================================================================
Received Import Request.
  Time since last request: 44.203495 seconds.
  path: Assets/CarController.cs
  artifactKey: Guid(cb76994211bb29949a6dc3b65f6b7045) Importer(815301076,1909f56bfc062723c751e8b465ee728b)
Start importing Assets/CarController.cs using Guid(cb76994211bb29949a6dc3b65f6b7045) Importer(815301076,1909f56bfc062723c751e8b465ee728b)  -> (artifact id: '0e339fdbe6e719cf889b7e6be824fcfc') in 0.006343 seconds 
========================================================================
Received Prepare
Registering precompiled user dll's ...
Registered in 0.003323 seconds.
Begin MonoManager ReloadAssembly
Native extension for WindowsStandalone target not found
Refreshing native plugins compatible for Editor in 0.59 ms, found 2 plugins.
Preloading 0 native plugins for Editor in 0.00 ms.
Mono: successfully reloaded assembly
- Completed reload, in  0.841 seconds
Platform modules already initialized, skipping
Refreshing native plugins compatible for Editor in 0.58 ms, found 2 plugins.
Preloading 0 native plugins for Editor in 0.00 ms.
Unloading 3367 Unused Serialized files (Serialized files now loaded: 0)
System memory in use before: 128.2 MB.
System memory in use after: 128.3 MB.

Unloading 16 unused Assets to reduce memory usage. Loaded Objects now: 3910.
Total: 2.563200 ms (FindLiveObjects: 0.488700 ms CreateObjectMapping: 0.143500 ms MarkObjects: 1.820700 ms  DeleteObjects: 0.109400 ms)

========================================================================
Received Prepare
Registering precompiled user dll's ...
Registered in 0.003262 seconds.
Begin MonoManager ReloadAssembly
Native extension for WindowsStandalone target not found
Refreshing native plugins compatible for Editor in 0.61 ms, found 2 plugins.
Preloading 0 native plugins for Editor in 0.00 ms.
Mono: successfully reloaded assembly
- Completed reload, in  1.360 seconds
Platform modules already initialized, skipping
Refreshing native plugins compatible for Editor in 1.41 ms, found 2 plugins.
Preloading 0 native plugins for Editor in 0.00 ms.
Unloading 3367 Unused Serialized files (Serialized files now loaded: 0)
System memory in use before: 128.2 MB.
System memory in use after: 128.3 MB.

Unloading 16 unused Assets to reduce memory usage. Loaded Objects now: 3914.
Total: 3.069000 ms (FindLiveObjects: 0.321600 ms CreateObjectMapping: 0.156000 ms MarkObjects: 2.470100 ms  DeleteObjects: 0.120300 ms)

========================================================================
Received Prepare
Registering precompiled user dll's ...
Registered in 0.004847 seconds.
Begin MonoManager ReloadAssembly
Native extension for WindowsStandalone target not found
Refreshing native plugins compatible for Editor in 0.64 ms, found 2 plugins.
Preloading 0 native plugins for Editor in 0.00 ms.
Mono: successfully reloaded assembly
- Completed reload, in  1.035 seconds
Platform modules already initialized, skipping
Refreshing native plugins compatible for Editor in 0.57 ms, found 2 plugins.
Preloading 0 native plugins for Editor in 0.00 ms.
Unloading 3367 Unused Serialized files (Serialized files now loaded: 0)
System memory in use before: 128.2 MB.
System memory in use after: 128.3 MB.

Unloading 16 unused Assets to reduce memory usage. Loaded Objects now: 3918.
Total: 2.531900 ms (FindLiveObjects: 0.273700 ms CreateObjectMapping: 0.172200 ms MarkObjects: 2.015100 ms  DeleteObjects: 0.070100 ms)

========================================================================
Received Prepare
Registering precompiled user dll's ...
Registered in 0.003395 seconds.
Begin MonoManager ReloadAssembly
Native extension for WindowsStandalone target not found
Refreshing native plugins compatible for Editor in 0.64 ms, found 2 plugins.
Preloading 0 native plugins for Editor in 0.00 ms.
Mono: successfully reloaded assembly
- Completed reload, in  1.043 seconds
Platform modules already initialized, skipping
Refreshing native plugins compatible for Editor in 0.65 ms, found 2 plugins.
Preloading 0 native plugins for Editor in 0.00 ms.
Unloading 3367 Unused Serialized files (Serialized files now loaded: 0)
System memory in use before: 128.2 MB.
System memory in use after: 128.3 MB.

Unloading 16 unused Assets to reduce memory usage. Loaded Objects now: 3922.
Total: 2.619100 ms (FindLiveObjects: 0.278500 ms CreateObjectMapping: 0.180300 ms MarkObjects: 2.079000 ms  DeleteObjects: 0.080700 ms)

========================================================================
Received Import Request.
  Time since last request: 358.317508 seconds.
  path: Assets/codes/CarController.cs
  artifactKey: Guid(cb76994211bb29949a6dc3b65f6b7045) Importer(815301076,1909f56bfc062723c751e8b465ee728b)
Start importing Assets/codes/CarController.cs using Guid(cb76994211bb29949a6dc3b65f6b7045) Importer(815301076,1909f56bfc062723c751e8b465ee728b)  -> (artifact id: '66cfe7d536e4f986dbc1f434441a7785') in 0.005844 seconds 
========================================================================
Received Prepare
Registering precompiled user dll's ...
Registered in 0.003569 seconds.
Begin MonoManager ReloadAssembly
Native extension for WindowsStandalone target not found
Refreshing native plugins compatible for Editor in 0.77 ms, found 2 plugins.
Preloading 0 native plugins for Editor in 0.00 ms.
Mono: successfully reloaded assembly
- Completed reload, in  1.008 seconds
Platform modules already initialized, skipping
Refreshing native plugins compatible for Editor in 0.59 ms, found 2 plugins.
Preloading 0 native plugins for Editor in 0.00 ms.
Unloading 3367 Unused Serialized files (Serialized files now loaded: 0)
System memory in use before: 128.2 MB.
System memory in use after: 128.3 MB.

Unloading 16 unused Assets to reduce memory usage. Loaded Objects now: 3926.
Total: 2.874800 ms (FindLiveObjects: 0.443600 ms CreateObjectMapping: 0.317700 ms MarkObjects: 2.030400 ms  DeleteObjects: 0.082200 ms)

========================================================================
Received Prepare
Registering precompiled user dll's ...
Registered in 0.003274 seconds.
Begin MonoManager ReloadAssembly
Native extension for WindowsStandalone target not found
Refreshing native plugins compatible for Editor in 0.59 ms, found 2 plugins.
Preloading 0 native plugins for Editor in 0.00 ms.
Mono: successfully reloaded assembly
- Completed reload, in  0.908 seconds
Platform modules already initialized, skipping
Refreshing native plugins compatible for Editor in 1.00 ms, found 2 plugins.
Preloading 0 native plugins for Editor in 0.00 ms.
Unloading 3367 Unused Serialized files (Serialized files now loaded: 0)
System memory in use before: 128.2 MB.
System memory in use after: 128.3 MB.

Unloading 16 unused Assets to reduce memory usage. Loaded Objects now: 3930.
Total: 2.775600 ms (FindLiveObjects: 0.379000 ms CreateObjectMapping: 0.187300 ms MarkObjects: 2.121100 ms  DeleteObjects: 0.087500 ms)

========================================================================
Received Prepare
Registering precompiled user dll's ...
Registered in 0.003517 seconds.
Begin MonoManager ReloadAssembly
Native extension for WindowsStandalone target not found
Refreshing native plugins compatible for Editor in 0.59 ms, found 2 plugins.
Preloading 0 native plugins for Editor in 0.00 ms.
Mono: successfully reloaded assembly
- Completed reload, in  0.870 seconds
Platform modules already initialized, skipping
Refreshing native plugins compatible for Editor in 0.80 ms, found 2 plugins.
Preloading 0 native plugins for Editor in 0.00 ms.
Unloading 3367 Unused Serialized files (Serialized files now loaded: 0)
System memory in use before: 128.2 MB.
System memory in use after: 128.3 MB.

Unloading 16 unused Assets to reduce memory usage. Loaded Objects now: 3934.
Total: 4.948600 ms (FindLiveObjects: 0.548400 ms CreateObjectMapping: 0.144000 ms MarkObjects: 4.085300 ms  DeleteObjects: 0.170000 ms)

========================================================================
Received Prepare
Registering precompiled user dll's ...
Registered in 0.003546 seconds.
Begin MonoManager ReloadAssembly
Native extension for WindowsStandalone target not found
Refreshing native plugins compatible for Editor in 0.60 ms, found 2 plugins.
Preloading 0 native plugins for Editor in 0.00 ms.
Mono: successfully reloaded assembly
- Completed reload, in  0.902 seconds
Platform modules already initialized, skipping
Refreshing native plugins compatible for Editor in 0.61 ms, found 2 plugins.
Preloading 0 native plugins for Editor in 0.00 ms.
Unloading 3367 Unused Serialized files (Serialized files now loaded: 0)
System memory in use before: 128.2 MB.
System memory in use after: 128.3 MB.

Unloading 16 unused Assets to reduce memory usage. Loaded Objects now: 3938.
Total: 2.544300 ms (FindLiveObjects: 0.345800 ms CreateObjectMapping: 0.152700 ms MarkObjects: 1.972300 ms  DeleteObjects: 0.072800 ms)

========================================================================
Received Prepare
Registering precompiled user dll's ...
Registered in 0.003194 seconds.
Begin MonoManager ReloadAssembly
Native extension for WindowsStandalone target not found
Refreshing native plugins compatible for Editor in 1.38 ms, found 2 plugins.
Preloading 0 native plugins for Editor in 0.00 ms.
Mono: successfully reloaded assembly
- Completed reload, in  0.847 seconds
Platform modules already initialized, skipping
Refreshing native plugins compatible for Editor in 0.61 ms, found 2 plugins.
Preloading 0 native plugins for Editor in 0.00 ms.
Unloading 3367 Unused Serialized files (Serialized files now loaded: 0)
System memory in use before: 128.2 MB.
System memory in use after: 128.3 MB.

Unloading 16 unused Assets to reduce memory usage. Loaded Objects now: 3942.
Total: 3.074000 ms (FindLiveObjects: 0.461200 ms CreateObjectMapping: 0.163200 ms MarkObjects: 2.296100 ms  DeleteObjects: 0.152300 ms)

========================================================================
Received Prepare
Registering precompiled user dll's ...
Registered in 0.004372 seconds.
Begin MonoManager ReloadAssembly
Native extension for WindowsStandalone target not found
Refreshing native plugins compatible for Editor in 0.65 ms, found 2 plugins.
Preloading 0 native plugins for Editor in 0.00 ms.
Mono: successfully reloaded assembly
- Completed reload, in  0.995 seconds
Platform modules already initialized, skipping
Refreshing native plugins compatible for Editor in 0.59 ms, found 2 plugins.
Preloading 0 native plugins for Editor in 0.00 ms.
Unloading 3367 Unused Serialized files (Serialized files now loaded: 0)
System memory in use before: 128.2 MB.
System memory in use after: 128.4 MB.

Unloading 16 unused Assets to reduce memory usage. Loaded Objects now: 3946.
Total: 2.369600 ms (FindLiveObjects: 0.337100 ms CreateObjectMapping: 0.164900 ms MarkObjects: 1.794400 ms  DeleteObjects: 0.072000 ms)

AssetImportWorkerClient::OnTransportError - code=2 error=End of file
